{
  "0 debug pnpm:scope": {
    "selected": 1
  },
  "1 error pnpm": {
    "errno": 1,
    "code": "ELIFECYCLE",
    "pkgid": "@journeyapps/evaluator@6.2.1",
    "stage": "build",
    "script": "../node_modules/.bin/tsc --build",
    "pkgname": "@journeyapps/evaluator",
    "err": {
      "name": "pnpm",
      "message": "@journeyapps/evaluator@6.2.1 build: `../node_modules/.bin/tsc --build`\nExit status 1",
      "code": "ELIFECYCLE",
      "stack": "pnpm: @journeyapps/evaluator@6.2.1 build: `../node_modules/.bin/tsc --build`\nExit status 1\n    at EventEmitter.<anonymous> (/usr/local/Cellar/pnpm/6.32.3/libexec/lib/node_modules/pnpm/dist/pnpm.cjs:105724:20)\n    at EventEmitter.emit (events.js:315:20)\n    at ChildProcess.<anonymous> (/usr/local/Cellar/pnpm/6.32.3/libexec/lib/node_modules/pnpm/dist/pnpm.cjs:92285:18)\n    at ChildProcess.emit (events.js:315:20)\n    at maybeClose (internal/child_process.js:1021:16)\n    at Process.ChildProcess._handle.onexit (internal/child_process.js:286:5)"
    }
  },
  "2 warn pnpm:global": " Local package.json exists, but node_modules missing, did you mean to install?"
}